<?xml version="1.0" encoding="UTF-8"?>
<!-- Generated by org.testng.reporters.JUnitXMLReporter -->
<testsuite ignored="1" hostname="DESKTOP-5TN5CVM" failures="0" tests="9" name="Default test" time="14.511" errors="0" timestamp="2025-05-05T12:46:31 EET">
  <testcase classname="AlMosaferAutomationTesting.AlMosaferAutomationTesting.AppTest" name="CheckCurrencyTest" time="0.021"/>
  <testcase classname="AlMosaferAutomationTesting.AlMosaferAutomationTesting.AppTest" name="CheckContactNo" time="0.016"/>
  <testcase classname="AlMosaferAutomationTesting.AlMosaferAutomationTesting.AppTest" name="CheckQitafLogo" time="0.035"/>
  <testcase classname="AlMosaferAutomationTesting.AlMosaferAutomationTesting.AppTest" name="CheckHotelTabIsNotSelected" time="0.011"/>
  <testcase classname="AlMosaferAutomationTesting.AlMosaferAutomationTesting.AppTest" name="CheckFlightDepartureDate" time="0.02"/>
  <testcase classname="AlMosaferAutomationTesting.AlMosaferAutomationTesting.AppTest" name="CheckFlightReturnDate" time="0.012"/>
  <testcase classname="AlMosaferAutomationTesting.AlMosaferAutomationTesting.AppTest" name="ChangeLanguageRandomly" time="0.395"/>
  <testcase classname="AlMosaferAutomationTesting.AlMosaferAutomationTesting.AppTest" name="RandomlySelectCities" time="2.33"/>
  <testcase classname="AlMosaferAutomationTesting.AlMosaferAutomationTesting.AppTest" name="CheckTheResultsIsretrived" time="10.098"/>
  <testcase classname="AlMosaferAutomationTesting.AlMosaferAutomationTesting.AppTest" name="CheckLanguageTest" time="0.0">
    <ignored/>
  </testcase> <!-- CheckLanguageTest -->
</testsuite> <!-- Default test -->
