<?xml version="1.0" encoding="UTF-8"?>
<testng-results ignored="0" total="4" passed="4" failed="0" skipped="0">
  <reporter-output>
  </reporter-output>
  <suite started-at="2025-05-01T12:51:19 EET" name="Surefire suite" finished-at="2025-05-01T12:51:21 EET" duration-ms="1634">
    <groups>
    </groups>
    <test started-at="2025-05-01T12:51:19 EET" name="Surefire test" finished-at="2025-05-01T12:51:21 EET" duration-ms="1634">
      <class name="AlMosaferAutomationTesting.AlMosaferAutomationTesting.AppTest">
        <test-method is-config="true" signature="Setup()[pri:0, instance:AlMosaferAutomationTesting.AlMosaferAutomationTesting.AppTest@4ce1d6d0]" started-at="2025-05-01T12:51:19 EET" name="Setup" finished-at="2025-05-01T12:51:21 EET" duration-ms="1514" status="PASS">
          <reporter-output>
          </reporter-output>
        </test-method> <!-- Setup -->
        <test-method signature="CheckLanguageTest()[pri:1, instance:AlMosaferAutomationTesting.AlMosaferAutomationTesting.AppTest@4ce1d6d0]" started-at="2025-05-01T12:51:21 EET" name="CheckLanguageTest" finished-at="2025-05-01T12:51:21 EET" duration-ms="13" status="PASS">
          <reporter-output>
          </reporter-output>
        </test-method> <!-- CheckLanguageTest -->
        <test-method signature="CheckCurrencyTest()[pri:2, instance:AlMosaferAutomationTesting.AlMosaferAutomationTesting.AppTest@4ce1d6d0]" started-at="2025-05-01T12:51:21 EET" name="CheckCurrencyTest" finished-at="2025-05-01T12:51:21 EET" duration-ms="35" status="PASS">
          <reporter-output>
          </reporter-output>
        </test-method> <!-- CheckCurrencyTest -->
        <test-method signature="CheckContactNo()[pri:3, instance:AlMosaferAutomationTesting.AlMosaferAutomationTesting.AppTest@4ce1d6d0]" started-at="2025-05-01T12:51:21 EET" name="CheckContactNo" finished-at="2025-05-01T12:51:21 EET" duration-ms="16" status="PASS">
          <reporter-output>
          </reporter-output>
        </test-method> <!-- CheckContactNo -->
        <test-method signature="CheckQitafLogo()[pri:4, instance:AlMosaferAutomationTesting.AlMosaferAutomationTesting.AppTest@4ce1d6d0]" started-at="2025-05-01T12:51:21 EET" name="CheckQitafLogo" finished-at="2025-05-01T12:51:21 EET" duration-ms="34" status="PASS">
          <reporter-output>
          </reporter-output>
        </test-method> <!-- CheckQitafLogo -->
        <test-method is-config="true" signature="DoWork()[pri:0, instance:AlMosaferAutomationTesting.AlMosaferAutomationTesting.AppTest@4ce1d6d0]" started-at="2025-05-01T12:51:21 EET" name="DoWork" finished-at="2025-05-01T12:51:21 EET" duration-ms="0" status="PASS">
          <reporter-output>
          </reporter-output>
        </test-method> <!-- DoWork -->
      </class> <!-- AlMosaferAutomationTesting.AlMosaferAutomationTesting.AppTest -->
    </test> <!-- Surefire test -->
  </suite> <!-- Surefire suite -->
</testng-results>
