<?xml version="1.0" encoding="UTF-8"?>
<testng-results ignored="0" total="4" passed="4" failed="0" skipped="0">
  <reporter-output>
  </reporter-output>
  <suite started-at="2025-05-01T12:50:39 EET" name="Default suite" finished-at="2025-05-01T12:50:41 EET" duration-ms="1813">
    <groups>
    </groups>
    <test started-at="2025-05-01T12:50:39 EET" name="Default test" finished-at="2025-05-01T12:50:41 EET" duration-ms="1813">
      <class name="AlMosaferAutomationTesting.AlMosaferAutomationTesting.AppTest">
        <test-method is-config="true" signature="Setup()[pri:0, instance:AlMosaferAutomationTesting.AlMosaferAutomationTesting.AppTest@6622fc65]" started-at="2025-05-01T12:50:39 EET" name="Setup" finished-at="2025-05-01T12:50:41 EET" duration-ms="1679" status="PASS">
          <reporter-output>
          </reporter-output>
        </test-method> <!-- Setup -->
        <test-method signature="CheckLanguageTest()[pri:1, instance:AlMosaferAutomationTesting.AlMosaferAutomationTesting.AppTest@6622fc65]" started-at="2025-05-01T12:50:41 EET" name="CheckLanguageTest" finished-at="2025-05-01T12:50:41 EET" duration-ms="17" status="PASS">
          <reporter-output>
          </reporter-output>
        </test-method> <!-- CheckLanguageTest -->
        <test-method signature="CheckCurrencyTest()[pri:2, instance:AlMosaferAutomationTesting.AlMosaferAutomationTesting.AppTest@6622fc65]" started-at="2025-05-01T12:50:41 EET" name="CheckCurrencyTest" finished-at="2025-05-01T12:50:41 EET" duration-ms="28" status="PASS">
          <reporter-output>
          </reporter-output>
        </test-method> <!-- CheckCurrencyTest -->
        <test-method signature="CheckContactNo()[pri:3, instance:AlMosaferAutomationTesting.AlMosaferAutomationTesting.AppTest@6622fc65]" started-at="2025-05-01T12:50:41 EET" name="CheckContactNo" finished-at="2025-05-01T12:50:41 EET" duration-ms="25" status="PASS">
          <reporter-output>
          </reporter-output>
        </test-method> <!-- CheckContactNo -->
        <test-method signature="CheckQitafLogo()[pri:4, instance:AlMosaferAutomationTesting.AlMosaferAutomationTesting.AppTest@6622fc65]" started-at="2025-05-01T12:50:41 EET" name="CheckQitafLogo" finished-at="2025-05-01T12:50:41 EET" duration-ms="39" status="PASS">
          <reporter-output>
          </reporter-output>
        </test-method> <!-- CheckQitafLogo -->
      </class> <!-- AlMosaferAutomationTesting.AlMosaferAutomationTesting.AppTest -->
    </test> <!-- Default test -->
  </suite> <!-- Default suite -->
</testng-results>
