<?xml version="1.0" encoding="UTF-8"?>
<testng-results ignored="1" total="10" passed="9" failed="0" skipped="0">
  <reporter-output>
  </reporter-output>
  <suite started-at="2025-05-05T12:59:32 EET" name="Default suite" finished-at="2025-05-05T13:00:23 EET" duration-ms="50925">
    <groups>
    </groups>
    <test started-at="2025-05-05T12:59:32 EET" name="Default test" finished-at="2025-05-05T13:00:23 EET" duration-ms="50925">
      <class name="AlMosaferAutomationTesting.AlMosaferAutomationTesting.AppTest">
        <test-method is-config="true" signature="Setup()[pri:0, instance:AlMosaferAutomationTesting.AlMosaferAutomationTesting.AppTest@61e94def]" started-at="2025-05-05T12:59:32 EET" name="Setup" finished-at="2025-05-05T12:59:34 EET" duration-ms="1601" status="PASS">
          <reporter-output>
          </reporter-output>
        </test-method> <!-- Setup -->
        <test-method signature="CheckCurrencyTest()[pri:2, instance:AlMosaferAutomationTesting.AlMosaferAutomationTesting.AppTest@61e94def]" started-at="2025-05-05T12:59:34 EET" name="CheckCurrencyTest" finished-at="2025-05-05T12:59:34 EET" duration-ms="21" status="PASS">
          <reporter-output>
          </reporter-output>
        </test-method> <!-- CheckCurrencyTest -->
        <test-method signature="CheckContactNo()[pri:3, instance:AlMosaferAutomationTesting.AlMosaferAutomationTesting.AppTest@61e94def]" started-at="2025-05-05T12:59:34 EET" name="CheckContactNo" finished-at="2025-05-05T12:59:34 EET" duration-ms="18" status="PASS">
          <reporter-output>
          </reporter-output>
        </test-method> <!-- CheckContactNo -->
        <test-method signature="CheckQitafLogo()[pri:4, instance:AlMosaferAutomationTesting.AlMosaferAutomationTesting.AppTest@61e94def]" started-at="2025-05-05T12:59:34 EET" name="CheckQitafLogo" finished-at="2025-05-05T12:59:34 EET" duration-ms="33" status="PASS">
          <reporter-output>
          </reporter-output>
        </test-method> <!-- CheckQitafLogo -->
        <test-method signature="CheckHotelTabIsNotSelected()[pri:5, instance:AlMosaferAutomationTesting.AlMosaferAutomationTesting.AppTest@61e94def]" started-at="2025-05-05T12:59:34 EET" name="CheckHotelTabIsNotSelected" finished-at="2025-05-05T12:59:34 EET" duration-ms="13" status="PASS">
          <reporter-output>
          </reporter-output>
        </test-method> <!-- CheckHotelTabIsNotSelected -->
        <test-method signature="CheckFlightDepartureDate()[pri:6, instance:AlMosaferAutomationTesting.AlMosaferAutomationTesting.AppTest@61e94def]" started-at="2025-05-05T12:59:34 EET" name="CheckFlightDepartureDate" finished-at="2025-05-05T12:59:34 EET" duration-ms="14" status="PASS">
          <reporter-output>
          </reporter-output>
        </test-method> <!-- CheckFlightDepartureDate -->
        <test-method signature="CheckFlightReturnDate()[pri:7, instance:AlMosaferAutomationTesting.AlMosaferAutomationTesting.AppTest@61e94def]" started-at="2025-05-05T12:59:34 EET" name="CheckFlightReturnDate" finished-at="2025-05-05T12:59:34 EET" duration-ms="11" status="PASS">
          <reporter-output>
          </reporter-output>
        </test-method> <!-- CheckFlightReturnDate -->
        <test-method signature="ChangeLanguageRandomly()[pri:8, instance:AlMosaferAutomationTesting.AlMosaferAutomationTesting.AppTest@61e94def]" started-at="2025-05-05T12:59:34 EET" name="ChangeLanguageRandomly" finished-at="2025-05-05T12:59:34 EET" duration-ms="467" status="PASS">
          <reporter-output>
          </reporter-output>
        </test-method> <!-- ChangeLanguageRandomly -->
        <test-method signature="RandomlySelectCities()[pri:9, instance:AlMosaferAutomationTesting.AlMosaferAutomationTesting.AppTest@61e94def]" started-at="2025-05-05T12:59:34 EET" name="RandomlySelectCities" finished-at="2025-05-05T13:00:13 EET" duration-ms="38606" status="PASS">
          <reporter-output>
          </reporter-output>
        </test-method> <!-- RandomlySelectCities -->
        <test-method signature="CheckTheResultsIsretrived()[pri:10, instance:AlMosaferAutomationTesting.AlMosaferAutomationTesting.AppTest@61e94def]" started-at="2025-05-05T13:00:13 EET" name="CheckTheResultsIsretrived" finished-at="2025-05-05T13:00:23 EET" duration-ms="10111" status="PASS">
          <reporter-output>
          </reporter-output>
        </test-method> <!-- CheckTheResultsIsretrived -->
        <test-method is-config="true" signature="DoWork()[pri:0, instance:AlMosaferAutomationTesting.AlMosaferAutomationTesting.AppTest@61e94def]" started-at="2025-05-05T13:00:23 EET" name="DoWork" finished-at="2025-05-05T13:00:23 EET" duration-ms="0" status="PASS">
          <reporter-output>
          </reporter-output>
        </test-method> <!-- DoWork -->
      </class> <!-- AlMosaferAutomationTesting.AlMosaferAutomationTesting.AppTest -->
    </test> <!-- Default test -->
  </suite> <!-- Default suite -->
</testng-results>
